Performing C++ SOURCE FILE Test CMAKE_HAVE_LIBC_PTHREAD failed with the following output:
Change Dir: /home/bnjenner/Center/work/CORE/thesis/program/impact/build/CMakeFiles/CMakeTmp

Run Build Command(s):/usr/bin/make cmTC_f26e4/fast && /usr/bin/make  -f CMakeFiles/cmTC_f26e4.dir/build.make CMakeFiles/cmTC_f26e4.dir/build
make[1]: Entering directory '/home/bnjenner/Center/work/CORE/thesis/program/impact/build/CMakeFiles/CMakeTmp'
Building CXX object CMakeFiles/cmTC_f26e4.dir/src.cxx.o
/usr/bin/c++ -DCMAKE_HAVE_LIBC_PTHREAD  -std=gnu++14 -o CMakeFiles/cmTC_f26e4.dir/src.cxx.o -c /home/bnjenner/Center/work/CORE/thesis/program/impact/build/CMakeFiles/CMakeTmp/src.cxx
Linking CXX executable cmTC_f26e4
/usr/local/bin/cmake -E cmake_link_script CMakeFiles/cmTC_f26e4.dir/link.txt --verbose=1
/usr/bin/c++  -Wl,--whole-archive -lpthread -Wl,--no-whole-archive  CMakeFiles/cmTC_f26e4.dir/src.cxx.o -o cmTC_f26e4 
/usr/bin/ld: CMakeFiles/cmTC_f26e4.dir/src.cxx.o: in function `main':
src.cxx:(.text+0x46): undefined reference to `pthread_create'
/usr/bin/ld: src.cxx:(.text+0x52): undefined reference to `pthread_detach'
/usr/bin/ld: src.cxx:(.text+0x5e): undefined reference to `pthread_cancel'
/usr/bin/ld: src.cxx:(.text+0x6f): undefined reference to `pthread_join'
collect2: error: ld returned 1 exit status
make[1]: *** [CMakeFiles/cmTC_f26e4.dir/build.make:106: cmTC_f26e4] Error 1
make[1]: Leaving directory '/home/bnjenner/Center/work/CORE/thesis/program/impact/build/CMakeFiles/CMakeTmp'
make: *** [Makefile:140: cmTC_f26e4/fast] Error 2


Source file was:
#include <pthread.h>

static void* test_func(void* data)
{
  return data;
}

int main(void)
{
  pthread_t thread;
  pthread_create(&thread, NULL, test_func, NULL);
  pthread_detach(thread);
  pthread_cancel(thread);
  pthread_join(thread, NULL);
  pthread_atfork(NULL, NULL, NULL);
  pthread_exit(NULL);

  return 0;
}

Determining if the function pthread_create exists in the pthreads failed with the following output:
Change Dir: /home/bnjenner/Center/work/CORE/thesis/program/impact/build/CMakeFiles/CMakeTmp

Run Build Command(s):/usr/bin/make cmTC_92a21/fast && /usr/bin/make  -f CMakeFiles/cmTC_92a21.dir/build.make CMakeFiles/cmTC_92a21.dir/build
make[1]: Entering directory '/home/bnjenner/Center/work/CORE/thesis/program/impact/build/CMakeFiles/CMakeTmp'
Building CXX object CMakeFiles/cmTC_92a21.dir/CheckFunctionExists.cxx.o
/usr/bin/c++   -DCHECK_FUNCTION_EXISTS=pthread_create -std=gnu++14 -o CMakeFiles/cmTC_92a21.dir/CheckFunctionExists.cxx.o -c /home/bnjenner/Center/work/CORE/thesis/program/impact/build/CMakeFiles/CheckLibraryExists/CheckFunctionExists.cxx
Linking CXX executable cmTC_92a21
/usr/local/bin/cmake -E cmake_link_script CMakeFiles/cmTC_92a21.dir/link.txt --verbose=1
/usr/bin/c++  -DCHECK_FUNCTION_EXISTS=pthread_create  -Wl,--whole-archive -lpthread -Wl,--no-whole-archive  CMakeFiles/cmTC_92a21.dir/CheckFunctionExists.cxx.o -o cmTC_92a21  -lpthreads 
/usr/bin/ld: cannot find -lpthreads
collect2: error: ld returned 1 exit status
make[1]: *** [CMakeFiles/cmTC_92a21.dir/build.make:106: cmTC_92a21] Error 1
make[1]: Leaving directory '/home/bnjenner/Center/work/CORE/thesis/program/impact/build/CMakeFiles/CMakeTmp'
make: *** [Makefile:140: cmTC_92a21/fast] Error 2



